# JRE version: 7.0_11-b21
# Java VM: Java HotSpot(TM) 64-Bit Server VM (23.6-b04 mixed mode windows-amd64 compressed oops)
Heap
 PSYoungGen      total 77440K, used 61881K [0x00000000fa000000, 0x0000000100000000, 0x0000000100000000)
  eden space 58752K, 79% used [0x00000000fa000000,0x00000000fcdbce30,0x00000000fd960000)
  from space 18688K, 80% used [0x00000000fedc0000,0x00000000ffc717a8,0x0000000100000000)
  to   space 19776K, 0% used [0x00000000fd960000,0x00000000fd960000,0x00000000fecb0000)
 ParOldGen       total 89472K, used 51465K [0x00000000e8000000, 0x00000000ed760000, 0x00000000fa000000)
  object space 89472K, 57% used [0x00000000e8000000,0x00000000eb242488,0x00000000ed760000)
 PSPermGen       total 106560K, used 66143K [0x00000000e0000000, 0x00000000e6810000, 0x00000000e8000000)
  object space 106560K, 62% used [0x00000000e0000000,0x00000000e4097e78,0x00000000e6810000)
GC Heap History (10 events):
Event: 24.402 GC heap before
{Heap before GC invocations=40 (full 2):
 PSYoungGen      total 76672K, used 67199K [0x00000000fa000000, 0x00000000fffb0000, 0x0000000100000000)
  eden space 56384K, 100% used [0x00000000fa000000,0x00000000fd710000,0x00000000fd710000)
  from space 20288K, 53% used [0x00000000fd710000,0x00000000fe19ffb8,0x00000000feae0000)
  to   space 19904K, 0% used [0x00000000fec40000,0x00000000fec40000,0x00000000fffb0000)
 ParOldGen       total 89472K, used 49881K [0x00000000e8000000, 0x00000000ed760000, 0x00000000fa000000)
  object space 89472K, 55% used [0x00000000e8000000,0x00000000eb0b6468,0x00000000ed760000)
 PSPermGen       total 106560K, used 64848K [0x00000000e0000000, 0x00000000e6810000, 0x00000000e8000000)
  object space 106560K, 60% used [0x00000000e0000000,0x00000000e3f54000,0x00000000e6810000)
Event: 24.411 GC heap after
Heap after GC invocations=40 (full 2):
 PSYoungGen      total 77696K, used 11546K [0x00000000fa000000, 0x00000000fff60000, 0x0000000100000000)
  eden space 58112K, 0% used [0x00000000fa000000,0x00000000fa000000,0x00000000fd8c0000)
  from space 19584K, 58% used [0x00000000fec40000,0x00000000ff7869c8,0x00000000fff60000)
  to   space 19776K, 0% used [0x00000000fd8c0000,0x00000000fd8c0000,0x00000000fec10000)
 ParOldGen       total 89472K, used 50449K [0x00000000e8000000, 0x00000000ed760000, 0x00000000fa000000)
  object space 89472K, 56% used [0x00000000e8000000,0x00000000eb144468,0x00000000ed760000)
 PSPermGen       total 106560K, used 64848K [0x00000000e0000000, 0x00000000e6810000, 0x00000000e8000000)
  object space 106560K, 60% used [0x00000000e0000000,0x00000000e3f54000,0x00000000e6810000)
}
Event: 39.106 GC heap before
{Heap before GC invocations=41 (full 2):
 PSYoungGen      total 77696K, used 69658K [0x00000000fa000000, 0x00000000fff60000, 0x0000000100000000)
  eden space 58112K, 100% used [0x00000000fa000000,0x00000000fd8c0000,0x00000000fd8c0000)
  from space 19584K, 58% used [0x00000000fec40000,0x00000000ff7869c8,0x00000000fff60000)
  to   space 19776K, 0% used [0x00000000fd8c0000,0x00000000fd8c0000,0x00000000fec10000)
 ParOldGen       total 89472K, used 50449K [0x00000000e8000000, 0x00000000ed760000, 0x00000000fa000000)
  object space 89472K, 56% used [0x00000000e8000000,0x00000000eb144468,0x00000000ed760000)
 PSPermGen       total 106560K, used 65411K [0x00000000e0000000, 0x00000000e6810000, 0x00000000e8000000)
  object space 106560K, 61% used [0x00000000e0000000,0x00000000e3fe0ee0,0x00000000e6810000)
Event: 39.114 GC heap after
Heap after GC invocations=41 (full 2):
 PSYoungGen      total 77888K, used 10429K [0x00000000fa000000, 0x00000000ffef0000, 0x0000000100000000)
  eden space 58112K, 0% used [0x00000000fa000000,0x00000000fa000000,0x00000000fd8c0000)
  from space 19776K, 52% used [0x00000000fd8c0000,0x00000000fe2ef688,0x00000000fec10000)
  to   space 19136K, 0% used [0x00000000fec40000,0x00000000fec40000,0x00000000ffef0000)
 ParOldGen       total 89472K, used 51465K [0x00000000e8000000, 0x00000000ed760000, 0x00000000fa000000)
  object space 89472K, 57% used [0x00000000e8000000,0x00000000eb242488,0x00000000ed760000)
 PSPermGen       total 106560K, used 65411K [0x00000000e0000000, 0x00000000e6810000, 0x00000000e8000000)
  object space 106560K, 61% used [0x00000000e0000000,0x00000000e3fe0ee0,0x00000000e6810000)
}
Event: 42.248 GC heap before
{Heap before GC invocations=42 (full 2):
 PSYoungGen      total 77888K, used 68541K [0x00000000fa000000, 0x00000000ffef0000, 0x0000000100000000)
  eden space 58112K, 100% used [0x00000000fa000000,0x00000000fd8c0000,0x00000000fd8c0000)
  from space 19776K, 52% used [0x00000000fd8c0000,0x00000000fe2ef688,0x00000000fec10000)
  to   space 19136K, 0% used [0x00000000fec40000,0x00000000fec40000,0x00000000ffef0000)
 ParOldGen       total 89472K, used 51465K [0x00000000e8000000, 0x00000000ed760000, 0x00000000fa000000)
  object space 89472K, 57% used [0x00000000e8000000,0x00000000eb242488,0x00000000ed760000)
 PSPermGen       total 106560K, used 65593K [0x00000000e0000000, 0x00000000e6810000, 0x00000000e8000000)
  object space 106560K, 61% used [0x00000000e0000000,0x00000000e400e790,0x00000000e6810000)
Event: 42.255 GC heap after
Heap after GC invocations=42 (full 2):
 PSYoungGen      total 77952K, used 10575K [0x00000000fa000000, 0x00000000ffe60000, 0x0000000100000000)
  eden space 59392K, 0% used [0x00000000fa000000,0x00000000fa000000,0x00000000fda00000)
  from space 18560K, 56% used [0x00000000fec40000,0x00000000ff693ec0,0x00000000ffe60000)
  to   space 18624K, 0% used [0x00000000fda00000,0x00000000fda00000,0x00000000fec30000)
 ParOldGen       total 89472K, used 51465K [0x00000000e8000000, 0x00000000ed760000, 0x00000000fa000000)
  object space 89472K, 57% used [0x00000000e8000000,0x00000000eb242488,0x00000000ed760000)
 PSPermGen       total 106560K, used 65593K [0x00000000e0000000, 0x00000000e6810000, 0x00000000e8000000)
  object space 106560K, 61% used [0x00000000e0000000,0x00000000e400e790,0x00000000e6810000)
}
Event: 98.163 GC heap before
{Heap before GC invocations=43 (full 2):
 PSYoungGen      total 77952K, used 69967K [0x00000000fa000000, 0x00000000ffe60000, 0x0000000100000000)
  eden space 59392K, 100% used [0x00000000fa000000,0x00000000fda00000,0x00000000fda00000)
  from space 18560K, 56% used [0x00000000fec40000,0x00000000ff693ec0,0x00000000ffe60000)
  to   space 18624K, 0% used [0x00000000fda00000,0x00000000fda00000,0x00000000fec30000)
 ParOldGen       total 89472K, used 51465K [0x00000000e8000000, 0x00000000ed760000, 0x00000000fa000000)
  object space 89472K, 57% used [0x00000000e8000000,0x00000000eb242488,0x00000000ed760000)
 PSPermGen       total 106560K, used 65697K [0x00000000e0000000, 0x00000000e6810000, 0x00000000e8000000)
  object space 106560K, 61% used [0x00000000e0000000,0x00000000e40286c8,0x00000000e6810000)
Event: 98.172 GC heap after
Heap after GC invocations=43 (full 2):
 PSYoungGen      total 78016K, used 12131K [0x00000000fa000000, 0x0000000100000000, 0x0000000100000000)
  eden space 59392K, 0% used [0x00000000fa000000,0x00000000fa000000,0x00000000fda00000)
  from space 18624K, 65% used [0x00000000fda00000,0x00000000fe5d8c28,0x00000000fec30000)
  to   space 18688K, 0% used [0x00000000fedc0000,0x00000000fedc0000,0x0000000100000000)
 ParOldGen       total 89472K, used 51465K [0x00000000e8000000, 0x00000000ed760000, 0x00000000fa000000)
  object space 89472K, 57% used [0x00000000e8000000,0x00000000eb242488,0x00000000ed760000)
 PSPermGen       total 106560K, used 65697K [0x00000000e0000000, 0x00000000e6810000, 0x00000000e8000000)
  object space 106560K, 61% used [0x00000000e0000000,0x00000000e40286c8,0x00000000e6810000)
}
Event: 104.679 GC heap before
{Heap before GC invocations=44 (full 2):
 PSYoungGen      total 78016K, used 71523K [0x00000000fa000000, 0x0000000100000000, 0x0000000100000000)
  eden space 59392K, 100% used [0x00000000fa000000,0x00000000fda00000,0x00000000fda00000)
  from space 18624K, 65% used [0x00000000fda00000,0x00000000fe5d8c28,0x00000000fec30000)
  to   space 18688K, 0% used [0x00000000fedc0000,0x00000000fedc0000,0x0000000100000000)
 ParOldGen       total 89472K, used 51465K [0x00000000e8000000, 0x00000000ed760000, 0x00000000fa000000)
  object space 89472K, 57% used [0x00000000e8000000,0x00000000eb242488,0x00000000ed760000)
 PSPermGen       total 106560K, used 65964K [0x00000000e0000000, 0x00000000e6810000, 0x00000000e8000000)
  object space 106560K, 61% used [0x00000000e0000000,0x00000000e406b138,0x00000000e6810000)
Event: 104.689 GC heap after
Heap after GC invocations=44 (full 2):
 PSYoungGen      total 77440K, used 15045K [0x00000000fa000000, 0x0000000100000000, 0x0000000100000000)
  eden space 58752K, 0% used [0x00000000fa000000,0x00000000fa000000,0x00000000fd960000)
  from space 18688K, 80% used [0x00000000fedc0000,0x00000000ffc717a8,0x0000000100000000)
  to   space 19776K, 0% used [0x00000000fd960000,0x00000000fd960000,0x00000000fecb0000)
 ParOldGen       total 89472K, used 51465K [0x00000000e8000000, 0x00000000ed760000, 0x00000000fa000000)
  object space 89472K, 57% used [0x00000000e8000000,0x00000000eb242488,0x00000000ed760000)
 PSPermGen       total 106560K, used 65964K [0x00000000e0000000, 0x00000000e6810000, 0x00000000e8000000)
  object space 106560K, 61% used [0x00000000e0000000,0x00000000e406b138,0x00000000e6810000)
}

